<?xml version="1.0" encoding="UTF-8"?>
<!-- Generated by org.testng.reporters.JUnitReportReporter -->
<testsuite hostname="DESKTOP-L46A42V" failures="0" tests="1" name="tester.Testing_test.Travels" time="23.193" errors="0" timestamp="2025-02-24T15:30:57 IST" skipped="0">
  <testcase classname="tester.Testing_test.Travels" name="Travels_HomePage" time="23.193"/>
  <system-out/>
</testsuite> <!-- tester.Testing_test.Travels -->
