<?xml version="1.0" encoding="UTF-8"?>
<!-- Generated by org.testng.reporters.JUnitReportReporter -->
<testsuite hostname="DESKTOP-L46A42V" failures="0" tests="1" name="tester.Testing_test.Test1" time="18.853" errors="0" timestamp="2025-02-05T18:15:26 IST" skipped="0">
  <testcase classname="tester.Testing_test.Test1" name="test" time="18.853"/>
  <system-out/>
</testsuite> <!-- tester.Testing_test.Test1 -->
