<?xml version="1.0" encoding="UTF-8"?>
<!-- Generated by org.testng.reporters.JUnitReportReporter -->
<testsuite hostname="DESKTOP-L46A42V" failures="0" tests="1" name="example" time="8.624" errors="0" timestamp="2025-02-28T16:40:19 IST" skipped="0">
  <testcase classname="example" name="exma" time="8.624"/>
  <system-out/>
</testsuite> <!-- example -->
